<?xml version="1.0" encoding="UTF-8" ?>
<testsuites>
  <testsuite errors="0" failures="0" hostname="mywin7" id="0" name="BMICalclatorTest" package="bmi" tests="1" time="0.031" timestamp="2012-08-16T15:17:56">
      <properties>
[...]
</properties>

      <testcase classname="bmi.BMICalclatorTest" name="testCalclateBMI" time="0.0" />

      <system-out><![CDATA[]]></system-out>

      <system-err><![CDATA[]]></system-err>

  </testsuite>
  <testsuite errors="0" failures="0" hostname="mywin7" id="1" name="SampleTest" package="bmi" tests="2" time="0.031" timestamp="2012-08-16T15:17:57">
      <properties>
[...]
</properties>

      <testcase classname="bmi.SampleTest" name="testBar" time="0.0" />

      <testcase classname="bmi.SampleTest" name="testFoo" time="0.0" />

      <system-out><![CDATA[]]></system-out>

      <system-err><![CDATA[]]></system-err>

  </testsuite>
</testsuites>
